Creating network "contenedores_monitoring" with driver "bridge"
Creating volume "contenedores_grafana-data" with default driver
Pulling nginx (nginx:alpine)...
alpine: Pulling from library/nginx
Digest: sha256:b3c656d55d7ad751196f21b7fd2e8d4da9cb430e32f646adcf92441b72f82b14
Status: Downloaded newer image for nginx:alpine
Pulling redis (redis:alpine)...
alpine: Pulling from library/redis
Digest: sha256:6cbef353e480a8a6e7f10ec545f13d7d3fa85a212cdcc5ffaf5a1c818b9d3798
Status: Downloaded newer image for redis:alpine
Pulling postgres (postgres:alpine)...
alpine: Pulling from library/postgres
Digest: sha256:154ea39af68ff30dec041cd1f1b5600009993724c811dbadde54126eb10bedd1
Status: Downloaded newer image for postgres:alpine
Pulling prometheus (prom/prometheus:latest)...
latest: Pulling from prom/prometheus
Digest: sha256:49214755b6153f90a597adcbff0252cc61069f8ab69ce8411285cd4a560e8038
Status: Downloaded newer image for prom/prometheus:latest
Pulling loki (grafana/loki:latest)...
latest: Pulling from grafana/loki
Digest: sha256:fad94db64eeb0e14544953789c942453df68a860b6f760d867f06c5b31f461ab
Status: Downloaded newer image for grafana/loki:latest
Pulling grafana (grafana/grafana:latest)...
latest: Pulling from grafana/grafana
Digest: sha256:70d9599b186ce287be0d2c5ba9a78acb2e86c1a68c9c41449454d0fc3eeb84e8
Status: Downloaded newer image for grafana/grafana:latest
Creating redis-practica ... 
Creating nginx-practica ... 
Creating loki-practica  ... 
Creating postgres-practica ... 
Creating loki-practica     ... done
Creating redis-practica    ... done
Creating postgres-practica ... done
Creating nginx-practica    ... done
Creating prometheus-practica ... 
Creating prometheus-practica ... done
Creating grafana-practica    ... 
Creating grafana-practica    ... done
